<?xml version="1.0" encoding="UTF-8"?>
<!-- Generated by org.testng.reporters.JUnitReportReporter -->
<testsuite skipped="0" hostname="QA-Ekbana" name="test.SearchItemTest" tests="1" failures="0" timestamp="08 Aug 2019 10:35:44 GMT" time="33.628" errors="0">
  <testcase name="SearchItemTesting" time="33.628" classname="test.SearchItemTest"/>
</testsuite> <!-- test.SearchItemTest -->
